1000002
ra|ur|id|
1|google.com|1|
2|youtube.com|2|
3|facebook.com|3|
4|msn.com|4|
5|ebay.com|5|
6|microsoft.com|6|
7|yahoo.com|7|
8|twitter.com|8|
9|answers.com|9|
10|amazon.com|10|
11|yelp.com|11|
12|pinterest.com|12|
13|Hidden profile|13|
14|buzzfeed.com|14|
15|wordpress.com|15|
16|wikipedia.org|16|
17|bing.com|17|
18|about.com|18|
19|linkedin.com|19|
20|blogger.com|20|
21|nbcnews.com|21|
22|blogspot.com|22|
23|live.com|23|
24|wikia.com|24|
25|paypal.com|25|
26|aol.com|26|
27|wattpad.com|27|
28|reddit.com|28|
29|ask.com|29|
30|craigslist.org|30|
31|adobe.com|31|
32|weather.com|32|
33|bleacherreport.com|33|
34|godaddy.com|34|
35|whitepages.com|35|
36|Hidden profile|36|
37|walmart.com|37|
38|upworthy.com|38|
39|comcast.net|39|
40|examiner.com|40|
41|Hidden profile|41|
42|go.com|42|
43|urbandictionary.com|43|
44|distractify.com|44|
45|vimeo.com|45|
46|Hidden profile|46|
47|imgur.com|47|
48|legacy.com|48|
49|chacha.com|49|
50|usmagazine.com|50|
51|Hidden profile|51|
52|Hidden profile|52|
53|nytimes.com|53|
54|nydailynews.com|54|
55|tmz.com|55|
56|thoughtcatalog.com|56|
57|wellsfargo.com|57|
58|today.com|58|
59|break.com|59|
60|howstuffworks.com|60|
61|mapquest.com|61|
62|apple.com|62|
63|imdb.com|63|
64|ehow.com|64|
65|yellowpages.com|65|
66|webmd.com|66|
67|norton.com|67|
68|city-data.com|68|
69|theblaze.com|69|
70|ijreview.com|70|
71|att.com|71|
72|photobucket.com|72|
73|cnn.com|73|
74|zergnet.com|74|
75|Hidden profile|75|
76|drugs.com|76|
77|inbox.com|77|
78|chase.com|78|
79|hubpages.com|79|
80|usps.com|80|
81|irs.gov|81|
82|stackexchange.com|82|
83|comcast.com|83|
84|local.com|84|
85|Hidden profile|85|
86|Hidden profile|86|
87|Hidden profile|87|
88|merriam-webster.com|88|
89|people.com|89|
90|quizlet.com|90|
91|deviantart.com|91|
92|ew.com|92|
93|theguardian.com|93|
94|Hidden profile|94|
95|gawker.com|95|
96|hp.com|96|
97|Hidden profile|97|
98|target.com|98|
99|Hidden profile|99|
100|goodreads.com|100|
101|Hidden profile|101|
102|ups.com|102|
103|sbnation.com|103|
104|windows.com|104|
105|mozilla.org|105|
106|bizrate.com|106|
107|eonline.com|107|
108|charterbusiness.com|108|
109|policymic.com|109|
110|bankofamerica.com|110|
111|gizmodo.com|111|
112|deadspin.com|112|
113|ibtimes.com|113|
114|guff.com|114|
115|cnet.com|115|
116|booking.com|116|
117|cbssports.com|117|
118|fedex.com|118|
119|topix.com|119|
120|wayfair.com|120|
121|rapgenius.com|121|
122|ask.fm|122|
123|nationalgeographic.com|123|
124|nbcsports.com|124|
125|fixya.com|125|
126|etsy.com|126|
127|tripadvisor.com|127|
128|zillow.com|128|
129|findthebest.com|129|
130|Hidden profile|130|
131|myspace.com|131|
132|instructables.com|132|
133|lifehacker.com|133|
134|theverge.com|134|
135|zimbio.com|135|
136|sears.com|136|
137|Hidden profile|137|
138|io9.com|138|
139|playbuzz.com|139|
140|Hidden profile|140|
141|Hidden profile|141|
142|safeshare.tv|142|
143|fool.com|143|
144|bestbuy.com|144|
145|drudgereport.com|145|
146|flickr.com|146|
147|grindtv.com|147|
148|Hidden profile|148|
149|nhl.com|149|
150|instagram.com|150|
151|homedepot.com|151|
152|Hidden profile|152|
153|conviva.com|153|
154|capitalone.com|154|
155|nj.com|155|
156|shopping.com|156|
157|newsmax.com|157|
158|staples.com|158|
